<?xml version="1.0" encoding="UTF-8"?>
<!-- Generated by org.testng.reporters.JUnitReportReporter -->
<testsuite hostname="LAPTOP-HNISKABK" failures="0" tests="4" name="com.qa.flipcart.test.LoginPageTest" time="0.264" errors="0" timestamp="10 Jul 2021 08:05:13 GMT" skipped="0">
  <testcase classname="com.qa.flipcart.test.LoginPageTest" name="DoLoginTest" time="0.182"/>
  <testcase classname="com.qa.flipcart.test.LoginPageTest" name="verifyForgotLinkExistTest" time="0.032"/>
  <testcase classname="com.qa.flipcart.test.LoginPageTest" name="verifyFlipcartLogoIsExistTest" time="0.044"/>
  <testcase classname="com.qa.flipcart.test.LoginPageTest" name="verifyLoginPageTitleTest" time="0.006"/>
</testsuite> <!-- com.qa.flipcart.test.LoginPageTest -->
